<?xml version="1.0" encoding="UTF-8"?>
<!-- Generated by org.testng.reporters.JUnitReportReporter -->
<testsuite skipped="0" hostname="LAPTOP-SG3OI6V4" name="madision.Runner" tests="5" failures="0" timestamp="24 Aug 2021 05:52:12 GMT" time="6.219" errors="0">
  <testcase name="homepage" time="1.413" classname="madision.Runner"/>
  <testcase name="signUp" time="0.377" classname="madision.Runner"/>
  <testcase name="loginValid" time="2.375" classname="madision.Runner"/>
  <testcase name="loginInvalid" time="1.068" classname="madision.Runner"/>
  <testcase name="forgotPass" time="0.986" classname="madision.Runner"/>
</testsuite> <!-- madision.Runner -->
